[2024-02-08T18:14:31.230Z] error: Cannot read properties of undefined (reading 'id')
[2024-02-08T18:14:51.718Z] error: Cannot read properties of undefined (reading 'id')
[2024-02-08T18:15:08.366Z] error: Cannot read properties of undefined (reading 'id')
[2024-02-09T09:44:04.703Z] error: Class constructor PropertyNotFound cannot be invoked without 'new'
[2024-02-09T10:48:46.021Z] error: undefined was not found
[2024-02-09T11:00:50.380Z] error: undefined already exist in database
[2024-02-09T11:02:07.810Z] error: undefined already exist in database
[2024-02-09T11:02:17.773Z] error: 5 already exist in database
[2024-02-09T11:03:09.457Z] error: ID: 5 already exist in database
[2024-02-09T11:03:42.994Z] error: ID not provided
[2024-02-09T11:30:07.159Z] error: Cannot destructure property 'id' of 'req.body.id' as it is undefined.
[2024-02-09T11:31:11.908Z] error: Cannot destructure property 'id' of 'req.body.id' as it is undefined.
[2024-02-09T11:42:16.409Z] error: ID not provided
[2024-02-09T11:43:12.445Z] error: ID has an invalid type
[2024-02-09T11:43:42.451Z] error: ID has an invalid type
[2024-02-09T11:44:30.029Z] error: ID has an invalid type
[2024-02-09T12:00:08.797Z] error: ID has an invalid type
[2024-02-09T12:00:34.671Z] error: ID has an invalid type
[2024-02-09T12:01:17.944Z] error: ID has an invalid type
[2024-02-09T12:06:03.280Z] error: Cast to Number failed for value "d" (type string) at path "id" for model "damageReports"
[2024-02-09T12:09:47.421Z] error: Cast to Number failed for value "d" (type string) at path "id" for model "damageReports"
[2024-02-09T12:11:35.007Z] error: ID has an invalid type
[2024-02-09T12:14:42.309Z] error: ID: undefined already exist in database
[2024-02-09T12:16:22.595Z] error: ID: 2 already exist in database
[2024-02-09T12:17:46.189Z] error: ID: 2 already exist in database
[2024-02-09T12:21:51.992Z] error: ID: 1 already exist in database
[2024-02-09T12:24:29.737Z] error: ID has an invalid type
[2024-02-09T12:24:43.621Z] error: Class constructor DataAlreadyExist cannot be invoked without 'new'
[2024-02-09T12:25:51.725Z] error: New ID: 5 already exist in database
[2024-02-09T12:27:09.168Z] error: New ID: 5 already exist in database
[2024-02-09T12:32:12.990Z] error: New ID: 5 already exist in database
[2024-02-09T12:33:46.042Z] error: New ID: 5 already exist in database
[2024-02-09T13:22:18.409Z] error: NotImplementedError is not a constructor
[2024-02-09T13:22:39.057Z] error: Path not implemented
[2024-02-09T13:28:02.196Z] error: ID not provided
[2024-02-09T13:28:44.316Z] error: ID not provided
[2024-02-09T13:29:45.304Z] error: ID not provided
[2024-02-09T13:39:14.603Z] error: Request not implemented
[2024-02-09T13:40:07.296Z] error: Request not implemented
[2024-02-09T13:40:11.680Z] error: Request not implemented
[2024-02-09T13:49:43.630Z] error: Class constructor PropertyNotFound cannot be invoked without 'new'
[2024-02-09T13:50:18.134Z] error: 100 was not found
[2024-02-09T13:51:11.704Z] error: ID: 100  was not found
[2024-02-09T13:51:23.587Z] error: ID: 100 was not found
[2024-02-09T18:59:46.936Z] error: ID has an invalid type
[2024-02-09T19:00:01.982Z] error: ID has an invalid type
[2024-02-09T19:03:27.777Z] error: ID has an invalid type
[2024-02-09T19:03:44.380Z] error: ID has an invalid type
[2024-02-09T19:05:59.272Z] error: ID was not found
[2024-02-09T19:08:21.542Z] error: ID has an invalid type
[2024-02-09T19:08:21.544Z] error: ID was not found
[2024-02-09T19:09:53.690Z] error: ID is an invalid value
[2024-02-09T19:11:17.601Z] error: ID has an invalid type
[2024-02-09T19:11:17.603Z] error: ID was not found
[2024-02-09T19:11:17.605Z] error: ID is an invalid value
[2024-02-09T19:17:00.783Z] error: Request not implemented
[2024-02-09T19:19:54.737Z] error: ID is an invalid value
[2024-02-09T19:32:05.470Z] error: ID was not found
[2024-02-09T19:32:05.477Z] error: ID has an invalid type
[2024-02-09T19:32:05.478Z] error: ID was not found
[2024-02-09T19:32:05.480Z] error: ID is an invalid value
[2024-02-09T19:32:48.577Z] error: ID was not found
[2024-02-09T19:32:48.583Z] error: ID has an invalid type
[2024-02-09T19:32:48.585Z] error: ID was not found
[2024-02-09T19:32:48.586Z] error: ID is an invalid value
[2024-02-09T19:33:24.696Z] error: ID was not found
[2024-02-09T19:33:24.702Z] error: ID has an invalid type
[2024-02-09T19:33:24.704Z] error: ID was not found
[2024-02-09T19:33:24.705Z] error: ID is an invalid value
[2024-02-09T19:41:01.421Z] error: ID was not found
[2024-02-09T19:41:01.428Z] error: ID has an invalid type
[2024-02-09T19:41:01.430Z] error: ID was not found
[2024-02-09T19:41:01.433Z] error: ID is an invalid value
[2024-02-09T19:42:30.272Z] error: ID: 4 was not found
[2024-02-09T19:46:46.737Z] error: ID was not found
[2024-02-09T19:46:46.743Z] error: ID has an invalid type
[2024-02-09T19:46:46.745Z] error: ID was not found
[2024-02-09T19:46:46.746Z] error: ID is an invalid value
[2024-02-09T19:47:28.924Z] error: ID was not found
[2024-02-09T19:47:28.930Z] error: ID has an invalid type
[2024-02-09T19:47:28.932Z] error: ID was not found
[2024-02-09T19:47:28.933Z] error: ID is an invalid value
[2024-02-09T19:48:20.312Z] error: ID was not found
[2024-02-09T19:48:20.319Z] error: ID has an invalid type
[2024-02-09T19:48:20.320Z] error: ID was not found
[2024-02-09T19:48:20.322Z] error: ID is an invalid value
[2024-02-09T19:51:04.535Z] error: ID was not found
[2024-02-09T19:51:04.542Z] error: ID has an invalid type
[2024-02-09T19:51:04.543Z] error: ID was not found
[2024-02-09T19:51:04.545Z] error: ID is an invalid value
[2024-02-09T19:53:03.850Z] error: ID was not found
[2024-02-09T19:53:03.857Z] error: ID has an invalid type
[2024-02-09T19:53:03.859Z] error: ID was not found
[2024-02-09T19:53:03.860Z] error: ID is an invalid value
[2024-02-09T19:56:08.201Z] error: ID was not found
[2024-02-09T19:56:08.208Z] error: ID has an invalid type
[2024-02-09T19:56:08.210Z] error: ID was not found
[2024-02-09T19:56:08.213Z] error: ID is an invalid value
[2024-02-09T19:57:31.425Z] error: ID was not found
[2024-02-09T19:57:31.432Z] error: ID has an invalid type
[2024-02-09T19:57:31.433Z] error: ID was not found
[2024-02-09T19:57:31.435Z] error: ID is an invalid value
[2024-02-09T19:59:50.203Z] error: ID has an invalid type
[2024-02-09T19:59:50.205Z] error: ID was not found
[2024-02-09T19:59:50.206Z] error: ID is an invalid value
[2024-02-09T20:02:52.119Z] error: ID has an invalid type
[2024-02-09T20:02:52.121Z] error: ID was not found
[2024-02-09T20:02:52.122Z] error: ID is an invalid value
[2024-02-09T20:02:52.134Z] error: ID not provided
[2024-02-09T20:03:38.776Z] error: ID has an invalid type
[2024-02-09T20:03:38.779Z] error: ID was not found
[2024-02-09T20:03:38.780Z] error: ID is an invalid value
[2024-02-09T20:05:33.635Z] error: ID has an invalid type
[2024-02-09T20:05:33.637Z] error: ID was not found
[2024-02-09T20:05:33.639Z] error: ID is an invalid value
[2024-02-09T20:08:08.286Z] error: ID has an invalid type
[2024-02-09T20:08:08.289Z] error: ID was not found
[2024-02-09T20:08:08.291Z] error: ID is an invalid value
[2024-02-09T20:09:05.538Z] error: ID has an invalid type
[2024-02-09T20:09:05.542Z] error: ID was not found
[2024-02-09T20:09:05.543Z] error: ID is an invalid value
[2024-02-10T05:56:28.919Z] error: ID has an invalid type
[2024-02-10T05:56:28.921Z] error: ID was not found
[2024-02-10T05:56:28.923Z] error: ID is an invalid value
[2024-02-10T05:56:32.104Z] error: ID has an invalid type
[2024-02-10T05:56:32.108Z] error: ID was not found
[2024-02-10T05:56:32.111Z] error: ID is an invalid value
[2024-02-10T05:57:18.274Z] error: ID has an invalid type
[2024-02-10T05:57:18.276Z] error: ID was not found
[2024-02-10T05:57:18.278Z] error: ID is an invalid value
[2024-02-10T05:57:47.776Z] error: ID has an invalid type
[2024-02-10T05:57:47.780Z] error: ID was not found
[2024-02-10T05:57:47.782Z] error: ID is an invalid value
[2024-02-10T05:58:30.400Z] error: ID has an invalid type
[2024-02-10T05:58:30.404Z] error: ID was not found
[2024-02-10T05:58:30.407Z] error: ID is an invalid value
[2024-02-10T06:02:42.645Z] error: ID has an invalid type
[2024-02-10T06:02:42.649Z] error: ID was not found
[2024-02-10T06:02:42.652Z] error: ID is an invalid value
[2024-02-10T06:02:46.995Z] error: ID: 10 already exist in database
[2024-02-10T06:02:53.997Z] error: ID has an invalid type
[2024-02-10T06:02:53.999Z] error: ID was not found
[2024-02-10T06:02:54.001Z] error: ID is an invalid value
[2024-02-10T06:02:54.015Z] error: ID: 10 already exist in database
[2024-02-10T10:35:46.077Z] error: ID has an invalid type
[2024-02-10T10:35:46.079Z] error: ID was not found
[2024-02-10T10:35:46.080Z] error: ID is an invalid value
[2024-02-10T10:35:46.091Z] error: ID: 10 already exist in database
[2024-02-10T10:35:46.094Z] error: ID not provided
[2024-02-10T10:39:41.123Z] error: ID has an invalid type
[2024-02-10T10:39:41.126Z] error: ID was not found
[2024-02-10T10:39:41.127Z] error: ID is an invalid value
[2024-02-10T10:39:41.140Z] error: ID: 10 already exist in database
[2024-02-10T10:39:41.144Z] error: ID not provided
[2024-02-10T10:46:18.166Z] error: New ID: 5 already exist in database
[2024-02-10T10:58:31.333Z] error: ID has an invalid type
[2024-02-10T10:58:31.336Z] error: ID was not found
[2024-02-10T10:58:31.339Z] error: ID is an invalid value
[2024-02-10T10:58:31.350Z] error: ID: 10 already exist in database
[2024-02-10T10:58:31.352Z] error: ID not provided
[2024-02-10T10:58:31.355Z] error: ID: 10 already exist in database
[2024-02-10T11:08:44.240Z] error: ID has an invalid type
[2024-02-10T11:08:44.244Z] error: ID was not found
[2024-02-10T11:08:44.246Z] error: ID is an invalid value
[2024-02-10T11:08:44.257Z] error: ID: 10 already exist in database
[2024-02-10T11:08:44.259Z] error: ID not provided
[2024-02-10T11:08:44.262Z] error: ID: 10 already exist in database
[2024-02-10T11:10:02.265Z] error: ID has an invalid type
[2024-02-10T11:10:02.267Z] error: ID was not found
[2024-02-10T11:10:02.270Z] error: ID is an invalid value
[2024-02-10T11:10:02.282Z] error: ID: 10 already exist in database
[2024-02-10T11:10:02.284Z] error: ID not provided
[2024-02-10T11:10:02.287Z] error: Request not implemented
[2024-02-10T11:10:14.504Z] error: ID has an invalid type
[2024-02-10T11:10:14.506Z] error: ID was not found
[2024-02-10T11:10:14.508Z] error: ID is an invalid value
[2024-02-10T11:10:14.520Z] error: ID: 10 already exist in database
[2024-02-10T11:10:14.522Z] error: ID not provided
[2024-02-10T11:10:14.525Z] error: Request not implemented
[2024-02-10T11:10:30.139Z] error: ID has an invalid type
[2024-02-10T11:10:30.141Z] error: ID was not found
[2024-02-10T11:10:30.142Z] error: ID is an invalid value
[2024-02-10T11:10:30.153Z] error: ID: 10 already exist in database
[2024-02-10T11:10:30.157Z] error: ID not provided
[2024-02-10T11:22:07.552Z] error: ID has an invalid type
[2024-02-10T11:22:07.554Z] error: ID was not found
[2024-02-10T11:22:07.556Z] error: ID is an invalid value
[2024-02-10T11:22:07.567Z] error: ID: 10 already exist in database
[2024-02-10T11:22:07.569Z] error: ID not provided
[2024-02-10T11:22:07.574Z] error: Request not implemented
[2024-02-10T11:26:04.810Z] error: ID has an invalid type
[2024-02-10T11:26:04.812Z] error: ID was not found
[2024-02-10T11:26:04.816Z] error: ID is an invalid value
[2024-02-10T11:26:04.827Z] error: ID: 10 already exist in database
[2024-02-10T11:26:04.829Z] error: ID not provided
[2024-02-10T11:26:04.833Z] error: Request not implemented
[2024-02-10T11:26:29.962Z] error: ID has an invalid type
[2024-02-10T11:26:29.966Z] error: ID was not found
[2024-02-10T11:26:29.969Z] error: ID is an invalid value
[2024-02-10T11:26:29.983Z] error: ID: 10 already exist in database
[2024-02-10T11:26:29.987Z] error: ID not provided
[2024-02-10T11:26:46.230Z] error: ID has an invalid type
[2024-02-10T11:26:46.234Z] error: ID was not found
[2024-02-10T11:26:46.237Z] error: ID is an invalid value
[2024-02-10T11:26:46.251Z] error: ID: 10 already exist in database
[2024-02-10T11:26:46.254Z] error: ID not provided
[2024-02-10T11:26:54.067Z] error: Request not implemented
[2024-02-10T11:27:28.836Z] error: ID has an invalid type
[2024-02-10T11:27:28.840Z] error: ID was not found
[2024-02-10T11:27:28.843Z] error: ID is an invalid value
[2024-02-10T11:27:28.857Z] error: ID: 10 already exist in database
[2024-02-10T11:27:28.860Z] error: ID not provided
[2024-02-10T11:32:42.870Z] error: ID has an invalid type
[2024-02-10T11:32:42.874Z] error: ID was not found
[2024-02-10T11:32:42.876Z] error: ID is an invalid value
[2024-02-10T11:32:42.891Z] error: ID: 10 already exist in database
[2024-02-10T11:32:42.894Z] error: ID not provided
[2024-02-10T11:33:05.858Z] error: ID has an invalid type
[2024-02-10T11:33:05.862Z] error: ID was not found
[2024-02-10T11:33:05.865Z] error: ID is an invalid value
[2024-02-10T11:33:05.881Z] error: ID: 10 already exist in database
[2024-02-10T11:33:05.884Z] error: ID not provided
[2024-02-10T11:33:05.888Z] error: Request not implemented
[2024-02-10T11:33:10.929Z] error: ID has an invalid type
[2024-02-10T11:33:10.933Z] error: ID was not found
[2024-02-10T11:33:10.936Z] error: ID is an invalid value
[2024-02-10T11:33:10.949Z] error: ID: 10 already exist in database
[2024-02-10T11:33:10.953Z] error: ID not provided
[2024-02-10T11:33:10.957Z] error: Request not implemented
[2024-02-10T11:33:41.625Z] error: ID has an invalid type
[2024-02-10T11:33:41.629Z] error: ID was not found
[2024-02-10T11:33:41.632Z] error: ID is an invalid value
[2024-02-10T11:33:41.647Z] error: ID: 10 already exist in database
[2024-02-10T11:33:41.651Z] error: ID not provided
[2024-02-10T11:34:03.854Z] error: Request not implemented
[2024-02-10T11:35:11.483Z] error: ID has an invalid type
[2024-02-10T11:35:11.485Z] error: ID was not found
[2024-02-10T11:35:11.487Z] error: ID is an invalid value
[2024-02-10T11:35:11.501Z] error: ID: 10 already exist in database
[2024-02-10T11:35:11.503Z] error: ID not provided
[2024-02-10T11:35:11.506Z] error: Request not implemented
[2024-02-10T11:36:37.930Z] error: ID has an invalid type
[2024-02-10T11:36:37.934Z] error: ID was not found
[2024-02-10T11:36:37.936Z] error: ID is an invalid value
[2024-02-10T11:36:37.952Z] error: ID: 10 already exist in database
[2024-02-10T11:36:37.956Z] error: ID not provided
[2024-02-10T11:36:37.961Z] error: Request not implemented
[2024-02-10T11:42:05.973Z] error: ID has an invalid type
[2024-02-10T11:42:05.977Z] error: ID was not found
[2024-02-10T11:42:05.980Z] error: ID is an invalid value
[2024-02-10T11:42:05.995Z] error: ID: 10 already exist in database
[2024-02-10T11:42:05.998Z] error: ID not provided
[2024-02-10T11:42:06.003Z] error: Request not implemented
[2024-02-10T11:42:25.721Z] error: ID has an invalid type
[2024-02-10T11:42:25.723Z] error: ID was not found
[2024-02-10T11:42:25.725Z] error: ID is an invalid value
[2024-02-10T11:42:25.736Z] error: ID: 10 already exist in database
[2024-02-10T11:42:25.737Z] error: ID not provided
[2024-02-10T11:42:25.740Z] error: New ID: 10 already exist in database
[2024-02-10T11:42:38.147Z] error: ID has an invalid type
[2024-02-10T11:42:38.149Z] error: ID was not found
[2024-02-10T11:42:38.151Z] error: ID is an invalid value
[2024-02-10T11:42:38.162Z] error: ID: 10 already exist in database
[2024-02-10T11:42:38.164Z] error: ID not provided
[2024-02-10T11:42:38.171Z] error: New ID: 10 already exist in database
[2024-02-10T11:46:22.503Z] error: ID has an invalid type
[2024-02-10T11:46:22.505Z] error: ID was not found
[2024-02-10T11:46:22.508Z] error: ID is an invalid value
[2024-02-10T11:46:22.520Z] error: ID: 10 already exist in database
[2024-02-10T11:46:22.521Z] error: ID not provided
[2024-02-10T11:46:22.526Z] error: New ID: 10 already exist in database
[2024-02-10T11:46:22.529Z] error: Request not implemented
[2024-02-10T11:46:37.522Z] error: ID has an invalid type
[2024-02-10T11:46:37.525Z] error: ID was not found
[2024-02-10T11:46:37.526Z] error: ID is an invalid value
[2024-02-10T11:46:37.538Z] error: ID: 10 already exist in database
[2024-02-10T11:46:37.540Z] error: ID not provided
[2024-02-10T11:46:37.546Z] error: New ID: 10 already exist in database
[2024-02-10T11:46:37.549Z] error: Request not implemented
[2024-02-10T11:47:18.660Z] error: New ID: 5 already exist in database
[2024-02-10T11:47:29.227Z] error: Class constructor PropertyNotFound cannot be invoked without 'new'
[2024-02-10T11:48:15.229Z] error: ID 10 was not found
[2024-02-10T11:53:36.904Z] error: ID has an invalid type
[2024-02-10T11:53:36.907Z] error: ID was not found
[2024-02-10T11:53:36.908Z] error: ID is an invalid value
[2024-02-10T11:53:36.919Z] error: ID: 10 already exist in database
[2024-02-10T11:53:36.921Z] error: ID not provided
[2024-02-10T11:53:36.927Z] error: New ID: 10 already exist in database
[2024-02-10T11:53:36.931Z] error: Request not implemented
[2024-02-10T11:53:50.045Z] error: ID: 4 already exist in database
[2024-02-10T11:56:57.471Z] error: ID has an invalid type
[2024-02-10T11:56:57.474Z] error: ID was not found
[2024-02-10T11:56:57.476Z] error: ID is an invalid value
[2024-02-10T11:56:57.486Z] error: ID: 10 already exist in database
[2024-02-10T11:56:57.488Z] error: ID not provided
[2024-02-10T11:56:57.494Z] error: New ID: 10 already exist in database
[2024-02-10T11:56:57.497Z] error: Request not implemented
[2024-02-10T12:00:32.217Z] error: ID has an invalid type
[2024-02-10T12:00:32.220Z] error: ID was not found
[2024-02-10T12:00:32.221Z] error: ID is an invalid value
[2024-02-10T12:00:32.232Z] error: ID: 10 already exist in database
[2024-02-10T12:00:32.234Z] error: ID not provided
[2024-02-10T12:00:32.241Z] error: New ID: 10 already exist in database
[2024-02-10T12:00:32.243Z] error: ID 10 was not found
[2024-02-10T12:03:42.311Z] error: ID has an invalid type
[2024-02-10T12:03:42.314Z] error: ID was not found
[2024-02-10T12:03:42.316Z] error: ID is an invalid value
[2024-02-10T12:03:42.326Z] error: ID: 10 already exist in database
[2024-02-10T12:03:42.328Z] error: ID not provided
[2024-02-10T12:03:42.334Z] error: New ID: 10 already exist in database
[2024-02-10T12:03:42.335Z] error: ID 10 was not found
[2024-02-10T12:04:26.533Z] error: ID has an invalid type
[2024-02-10T12:04:26.535Z] error: ID was not found
[2024-02-10T12:04:26.537Z] error: ID is an invalid value
[2024-02-10T12:04:26.549Z] error: ID: 10 already exist in database
[2024-02-10T12:04:26.551Z] error: ID not provided
[2024-02-10T12:04:26.557Z] error: New ID: 10 already exist in database
[2024-02-10T12:04:26.558Z] error: ID 10 was not found
[2024-02-10T12:05:01.808Z] error: ID has an invalid type
[2024-02-10T12:05:01.810Z] error: ID was not found
[2024-02-10T12:05:01.812Z] error: ID is an invalid value
[2024-02-10T12:05:01.826Z] error: ID: 10 already exist in database
[2024-02-10T12:05:01.827Z] error: ID not provided
[2024-02-10T12:05:01.833Z] error: New ID: 10 already exist in database
[2024-02-10T12:05:01.834Z] error: ID 10 was not found
[2024-02-10T12:05:30.743Z] error: ID has an invalid type
[2024-02-10T12:05:30.745Z] error: ID was not found
[2024-02-10T12:05:30.747Z] error: ID is an invalid value
[2024-02-10T12:05:30.758Z] error: ID: 10 already exist in database
[2024-02-10T12:05:30.761Z] error: ID not provided
[2024-02-10T12:05:30.766Z] error: New ID: 10 already exist in database
[2024-02-10T12:05:30.767Z] error: ID 10 was not found
[2024-02-10T12:06:30.801Z] error: ID has an invalid type
[2024-02-10T12:06:30.804Z] error: ID was not found
[2024-02-10T12:06:30.805Z] error: ID is an invalid value
[2024-02-10T12:06:30.816Z] error: ID: 10 already exist in database
[2024-02-10T12:06:30.819Z] error: ID not provided
[2024-02-10T12:06:30.825Z] error: New ID: 10 already exist in database
[2024-02-10T12:06:30.827Z] error: ID 10 was not found
[2024-02-10T12:06:30.832Z] error: ID: 10 was not found
[2024-02-10T12:06:39.461Z] error: ID has an invalid type
[2024-02-10T12:06:39.463Z] error: ID was not found
[2024-02-10T12:06:39.465Z] error: ID is an invalid value
[2024-02-10T12:06:39.475Z] error: ID: 10 already exist in database
[2024-02-10T12:06:39.477Z] error: ID not provided
[2024-02-10T12:06:39.482Z] error: New ID: 10 already exist in database
[2024-02-10T12:06:39.484Z] error: ID 10 was not found
[2024-02-10T12:06:39.488Z] error: ID: 10 was not found
[2024-02-10T12:07:15.833Z] error: ID has an invalid type
[2024-02-10T12:07:15.835Z] error: ID was not found
[2024-02-10T12:07:15.838Z] error: ID is an invalid value
[2024-02-10T12:07:15.849Z] error: ID: 10 already exist in database
[2024-02-10T12:07:15.851Z] error: ID not provided
[2024-02-10T12:07:15.856Z] error: New ID: 10 already exist in database
[2024-02-10T12:07:15.857Z] error: ID 10 was not found
[2024-02-10T12:07:15.861Z] error: ID: 10 was not found
[2024-02-10T12:12:57.572Z] error: ID has an invalid type
[2024-02-10T12:12:57.575Z] error: ID was not found
[2024-02-10T12:12:57.577Z] error: ID is an invalid value
[2024-02-10T12:12:57.588Z] error: ID: 10 already exist in database
[2024-02-10T12:12:57.590Z] error: ID not provided
[2024-02-10T12:12:57.595Z] error: New ID: 10 already exist in database
[2024-02-10T12:12:57.596Z] error: ID 10 was not found
[2024-02-10T12:12:57.600Z] error: ID: 10 was not found
[2024-02-10T12:12:57.602Z] error: ID: 10 was not found
[2024-02-10T12:15:13.641Z] error: ID has an invalid type
[2024-02-10T12:15:13.643Z] error: ID was not found
[2024-02-10T12:15:13.646Z] error: ID is an invalid value
[2024-02-10T12:15:13.658Z] error: ID: 10 already exist in database
[2024-02-10T12:15:13.659Z] error: ID not provided
[2024-02-10T12:15:13.664Z] error: New ID: 10 already exist in database
[2024-02-10T12:15:13.666Z] error: ID 10 was not found
[2024-02-10T12:15:13.669Z] error: ID: 10 was not found
[2024-02-10T12:15:13.671Z] error: Request not implemented
[2024-02-10T12:18:06.642Z] error: ID has an invalid type
[2024-02-10T12:18:06.644Z] error: ID was not found
[2024-02-10T12:18:06.646Z] error: ID is an invalid value
[2024-02-10T12:18:06.658Z] error: ID: 10 already exist in database
[2024-02-10T12:18:06.660Z] error: ID not provided
[2024-02-10T12:18:06.665Z] error: New ID: 10 already exist in database
[2024-02-10T12:18:06.667Z] error: ID 10 was not found
[2024-02-10T12:18:06.671Z] error: ID: 10 was not found
[2024-02-10T12:18:06.673Z] error: Request not implemented
[2024-02-10T15:17:00.584Z] error: ID is an invalid value
[2024-02-10T15:28:37.166Z] error: ID has an invalid type
[2024-02-10T15:28:37.169Z] error: ID was not found
[2024-02-10T15:28:37.171Z] error: ID is an invalid value
[2024-02-10T15:28:37.181Z] error: ID: 10 already exist in database
[2024-02-10T15:28:37.184Z] error: ID not provided
[2024-02-10T15:28:37.186Z] error: ID not provided
[2024-02-10T15:28:37.198Z] error: New ID: 10 already exist in database
[2024-02-10T15:28:37.200Z] error: ID 10 was not found
[2024-02-10T15:28:37.204Z] error: ID: 10 was not found
[2024-02-10T15:28:37.206Z] error: Request not implemented
[2024-02-10T15:29:16.128Z] error: ID has an invalid type
[2024-02-10T15:29:53.752Z] error: ID has an invalid type
[2024-02-10T15:29:53.758Z] error: ID was not found
[2024-02-10T15:29:53.761Z] error: ID is an invalid value
[2024-02-10T15:29:53.776Z] error: ID: 10 already exist in database
[2024-02-10T15:29:53.779Z] error: ID not provided
[2024-02-10T15:30:29.582Z] error: ID not provided
[2024-02-10T15:31:21.127Z] error: ID has an invalid type
[2024-02-10T15:31:21.131Z] error: ID was not found
[2024-02-10T15:31:21.133Z] error: ID is an invalid value
[2024-02-10T15:32:07.161Z] error: ID has an invalid type
[2024-02-10T15:32:07.165Z] error: ID was not found
[2024-02-10T15:32:07.168Z] error: ID is an invalid value
[2024-02-10T15:32:14.635Z] error: 
[2024-02-10T15:32:14.646Z] error: New ID: 10 already exist in database
[2024-02-10T15:32:14.649Z] error: ID 10 was not found
[2024-02-10T15:32:14.656Z] error: ID: 10 was not found
[2024-02-10T15:32:14.660Z] error: Request not implemented
[2024-02-10T15:32:27.714Z] error: ID has an invalid type
[2024-02-10T15:32:27.717Z] error: ID was not found
[2024-02-10T15:32:27.718Z] error: ID is an invalid value
[2024-02-10T15:32:27.727Z] error: 
[2024-02-10T15:32:27.741Z] error: New ID: 10 already exist in database
[2024-02-10T15:32:27.743Z] error: ID 10 was not found
[2024-02-10T15:32:27.748Z] error: ID: 10 was not found
[2024-02-10T15:32:27.750Z] error: Request not implemented
[2024-02-10T15:32:45.041Z] error: ID has an invalid type
[2024-02-10T15:32:45.045Z] error: ID was not found
[2024-02-10T15:32:45.048Z] error: ID is an invalid value
[2024-02-10T15:34:51.864Z] error: ID has an invalid type
[2024-02-10T15:34:51.868Z] error: ID was not found
[2024-02-10T15:34:51.871Z] error: ID is an invalid value
[2024-02-10T15:36:57.810Z] error: ID has an invalid type
[2024-02-10T15:36:57.813Z] error: ID was not found
[2024-02-10T15:36:57.816Z] error: ID is an invalid value
[2024-02-10T15:38:06.026Z] error: ID has an invalid type
[2024-02-10T15:38:06.030Z] error: ID was not found
[2024-02-10T15:38:06.033Z] error: ID is an invalid value
[2024-02-10T15:38:43.607Z] error: ID has an invalid type
[2024-02-10T15:38:43.611Z] error: ID was not found
[2024-02-10T15:38:43.614Z] error: ID is an invalid value
[2024-02-10T15:39:11.655Z] error: ID has an invalid type
[2024-02-10T15:39:11.657Z] error: ID was not found
[2024-02-10T15:39:11.659Z] error: ID is an invalid value
[2024-02-10T15:39:11.670Z] error: 
[2024-02-10T15:39:11.682Z] error: New ID: 10 already exist in database
[2024-02-10T15:39:11.685Z] error: ID 10 was not found
[2024-02-10T15:39:11.689Z] error: ID: 10 was not found
[2024-02-10T15:39:11.691Z] error: Request not implemented
[2024-02-10T15:39:34.882Z] error: ID has an invalid type
[2024-02-10T15:39:34.886Z] error: ID was not found
[2024-02-10T15:39:34.888Z] error: ID is an invalid value
[2024-02-10T15:42:07.661Z] error: ID has an invalid type
[2024-02-10T15:42:07.665Z] error: ID was not found
[2024-02-10T15:42:07.668Z] error: ID is an invalid value
[2024-02-10T15:43:07.584Z] error: ID has an invalid type
[2024-02-10T15:43:07.588Z] error: ID was not found
[2024-02-10T15:43:07.591Z] error: ID is an invalid value
[2024-02-10T15:43:25.599Z] error: ID has an invalid type
[2024-02-10T15:43:25.603Z] error: ID was not found
[2024-02-10T15:43:25.605Z] error: ID is an invalid value
[2024-02-10T15:44:40.020Z] error: 
[2024-02-10T15:45:06.306Z] error: New ID: 10 already exist in database
[2024-02-10T15:45:07.150Z] error: ID 10 was not found
[2024-02-10T15:45:08.513Z] error: ID: 10 was not found
[2024-02-10T15:45:09.516Z] error: Request not implemented
[2024-02-10T15:56:45.891Z] error: ID has an invalid type
[2024-02-10T15:56:45.893Z] error: ID was not found
[2024-02-10T15:56:45.895Z] error: ID is an invalid value
[2024-02-10T15:56:45.904Z] error: Internal Server Error
[2024-02-10T15:56:45.916Z] error: New ID: 10 already exist in database
[2024-02-10T15:56:45.918Z] error: ID 10 was not found
[2024-02-10T15:56:45.923Z] error: ID: 10 was not found
[2024-02-10T15:56:45.925Z] error: Request not implemented
[2024-02-10T15:57:20.419Z] error: ID has an invalid type
[2024-02-10T15:57:20.422Z] error: ID was not found
[2024-02-10T15:57:20.425Z] error: ID is an invalid value
[2024-02-10T15:58:32.263Z] error: ID has an invalid type
[2024-02-10T15:58:32.267Z] error: ID was not found
[2024-02-10T15:58:32.270Z] error: ID is an invalid value
[2024-02-10T16:00:17.756Z] error: ID has an invalid type
[2024-02-10T16:00:17.762Z] error: ID was not found
[2024-02-10T16:00:17.767Z] error: ID is an invalid value
[2024-02-10T16:03:13.737Z] error: ID has an invalid type
[2024-02-10T16:03:13.741Z] error: ID was not found
[2024-02-10T16:03:13.744Z] error: ID is an invalid value
[2024-02-10T16:03:29.360Z] error: ID has an invalid type
[2024-02-10T16:03:29.364Z] error: ID was not found
[2024-02-10T16:03:29.366Z] error: ID is an invalid value
[2024-02-10T16:03:55.840Z] error: ID has an invalid type
[2024-02-10T16:03:55.842Z] error: ID was not found
[2024-02-10T16:03:55.844Z] error: ID is an invalid value
[2024-02-10T16:03:55.854Z] error: Internal Server Error
[2024-02-10T16:03:55.865Z] error: New ID: 10 already exist in database
[2024-02-10T16:03:55.867Z] error: ID 10 was not found
[2024-02-10T16:03:55.871Z] error: ID: 10 was not found
[2024-02-10T16:03:55.873Z] error: Request not implemented
[2024-02-10T16:05:33.781Z] error: ID has an invalid type
[2024-02-10T16:05:33.783Z] error: ID was not found
[2024-02-10T16:05:33.785Z] error: ID is an invalid value
[2024-02-10T16:05:33.793Z] error: failed
[2024-02-10T16:05:33.805Z] error: New ID: 10 already exist in database
[2024-02-10T16:05:33.807Z] error: ID 10 was not found
[2024-02-10T16:05:33.811Z] error: ID: 10 was not found
[2024-02-10T16:05:33.813Z] error: Request not implemented
[2024-02-10T16:07:12.493Z] error: ID has an invalid type
[2024-02-10T16:07:12.496Z] error: ID was not found
[2024-02-10T16:07:12.499Z] error: ID is an invalid value
[2024-02-10T16:07:12.508Z] error: failed
[2024-02-10T16:07:12.521Z] error: New ID: 10 already exist in database
[2024-02-10T16:07:12.523Z] error: ID 10 was not found
[2024-02-10T16:07:12.527Z] error: ID: 10 was not found
[2024-02-10T16:07:12.529Z] error: Request not implemented
[2024-02-10T16:08:10.337Z] error: ID has an invalid type
[2024-02-10T16:08:10.340Z] error: ID was not found
[2024-02-10T16:08:10.342Z] error: ID is an invalid value
[2024-02-10T16:08:10.350Z] error: 
[2024-02-10T16:08:10.356Z] error: New ID: 10 already exist in database
[2024-02-10T16:08:10.358Z] error: ID 10 was not found
[2024-02-10T16:08:10.363Z] error: ID: 10 was not found
[2024-02-10T16:08:10.365Z] error: Request not implemented
[2024-02-10T16:22:39.611Z] error: ID has an invalid type
[2024-02-10T16:22:39.613Z] error: ID was not found
[2024-02-10T16:22:39.615Z] error: ID is an invalid value
[2024-02-10T16:22:39.627Z] error: ID: 10 already exist in database
[2024-02-10T16:22:39.629Z] error: ID not provided
[2024-02-10T16:22:39.634Z] error: New ID: 10 already exist in database
[2024-02-10T16:22:39.636Z] error: ID 10 was not found
[2024-02-10T16:22:39.639Z] error: ID: 10 was not found
[2024-02-10T16:22:39.641Z] error: Request not implemented
[2024-02-10T16:27:43.794Z] error: ID has an invalid type
[2024-02-10T16:27:43.797Z] error: ID was not found
[2024-02-10T16:27:43.798Z] error: ID is an invalid value
[2024-02-10T16:27:43.810Z] error: ID: 10 already exist in database
[2024-02-10T16:27:43.811Z] error: ID not provided
[2024-02-10T16:27:43.817Z] error: New ID: 10 already exist in database
[2024-02-10T16:27:43.819Z] error: ID 10 was not found
[2024-02-10T16:27:43.822Z] error: ID: 10 was not found
[2024-02-10T16:27:43.825Z] error: Request not implemented
[2024-02-10T16:28:52.997Z] error: ID has an invalid type
[2024-02-10T16:28:53.000Z] error: ID was not found
[2024-02-10T16:28:53.002Z] error: ID is an invalid value
[2024-02-10T16:28:53.022Z] error: ID: 10 already exist in database
[2024-02-10T16:28:53.025Z] error: ID not provided
[2024-02-10T16:28:53.033Z] error: New ID: 10 already exist in database
[2024-02-10T16:28:53.037Z] error: ID 10 was not found
[2024-02-10T16:28:53.043Z] error: ID: 10 was not found
[2024-02-10T16:28:53.046Z] error: Request not implemented
[2024-02-28T13:10:20.816Z] error: ID has an invalid type
[2024-02-28T13:10:20.819Z] error: ID was not found
[2024-02-28T13:10:20.820Z] error: ID is an invalid value
[2024-02-28T13:10:20.831Z] error: ID: 10 already exist in database
[2024-02-28T13:10:20.833Z] error: ID not provided
[2024-02-28T13:10:20.838Z] error: New ID: 10 already exist in database
[2024-02-28T13:10:20.840Z] error: ID 10 was not found
[2024-02-28T13:10:20.843Z] error: ID: 10 was not found
[2024-02-28T13:10:20.845Z] error: Request not implemented
[2024-02-28T13:31:46.351Z] error: Cast to ObjectId failed for value "65c50634e38600d89254b6" (type string) at path "_id" for model "damageReports"
[2024-02-28T13:44:55.419Z] error: ID is an invalid value
[2024-02-28T13:46:09.031Z] error: Request not implemented
[2024-02-28T13:46:25.127Z] error: title not provided
[2024-02-28T13:47:56.834Z] error: E11000 duplicate key error collection: expressServer.damagereports index: id_1 dup key: { id: null }
[2024-02-28T13:48:10.845Z] error: E11000 duplicate key error collection: expressServer.damagereports index: id_1 dup key: { id: null }
[2024-02-28T13:50:33.937Z] error: E11000 duplicate key error collection: expressServer.damagereports index: id_1 dup key: { id: null }
[2024-02-28T13:51:15.086Z] error: E11000 duplicate key error collection: expressServer.damagereports index: id_1 dup key: { id: null }
[2024-02-28T14:12:24.942Z] error: Unexpected string in JSON at position 34
